<?xml version="1.0" encoding="UTF-8"?>
<testng-results skipped="0" failed="0" ignored="0" total="2" passed="2">
  <reporter-output>
  </reporter-output>
  <suite name="Suite" duration-ms="268755" started-at="2018-01-30T06:45:50Z" finished-at="2018-01-30T06:50:19Z">
    <groups>
    </groups>
    <test name="Test1" duration-ms="268755" started-at="2018-01-30T06:45:50Z" finished-at="2018-01-30T06:50:19Z">
      <class name="extentReport.Trial">
        <test-method status="PASS" signature="beforesuite()[pri:0, instance:extentReport.Trial@33c7e1bb]" name="beforesuite" is-config="true" duration-ms="190" started-at="2018-01-30T12:15:50Z" finished-at="2018-01-30T12:15:50Z">
          <reporter-output>
          </reporter-output>
        </test-method> <!-- beforesuite -->
        <test-method status="PASS" signature="settings()[pri:0, instance:extentReport.Trial@33c7e1bb]" name="settings" is-config="true" duration-ms="1050" started-at="2018-01-30T12:15:50Z" finished-at="2018-01-30T12:15:51Z">
          <reporter-output>
          </reporter-output>
        </test-method> <!-- settings -->
        <test-method status="PASS" signature="main1()[pri:0, instance:extentReport.Trial@33c7e1bb]" name="main1" duration-ms="181266" started-at="2018-01-30T12:15:51Z" finished-at="2018-01-30T12:18:52Z">
          <reporter-output>
          </reporter-output>
        </test-method> <!-- main1 -->
        <test-method status="PASS" signature="end()[pri:0, instance:extentReport.Trial@33c7e1bb]" name="end" is-config="true" duration-ms="1046" started-at="2018-01-30T12:18:52Z" finished-at="2018-01-30T12:18:54Z">
          <reporter-output>
          </reporter-output>
        </test-method> <!-- end -->
        <test-method status="PASS" signature="main2()[pri:1, instance:extentReport.Trial@33c7e1bb]" name="main2" duration-ms="85263" started-at="2018-01-30T12:18:54Z" finished-at="2018-01-30T12:20:19Z">
          <reporter-output>
          </reporter-output>
        </test-method> <!-- main2 -->
        <test-method status="PASS" signature="end()[pri:0, instance:extentReport.Trial@33c7e1bb]" name="end" is-config="true" duration-ms="70" started-at="2018-01-30T12:20:19Z" finished-at="2018-01-30T12:20:19Z">
          <reporter-output>
          </reporter-output>
        </test-method> <!-- end -->
        <test-method status="PASS" signature="ending()[pri:0, instance:extentReport.Trial@33c7e1bb]" name="ending" is-config="true" duration-ms="357" started-at="2018-01-30T12:20:19Z" finished-at="2018-01-30T12:20:20Z">
          <reporter-output>
          </reporter-output>
        </test-method> <!-- ending -->
      </class> <!-- extentReport.Trial -->
    </test> <!-- Test1 -->
  </suite> <!-- Suite -->
</testng-results>
