<?xml version="1.0" encoding="UTF-8"?>
<!-- Generated by org.testng.reporters.JUnitXMLReporter -->
<testsuite hostname="M2408454" ignored="0" name="Test1" tests="1" failures="1" timestamp="05 Jan 2018 12:25:19 GMT" time="0.678" errors="0">
  <testcase name="feature" time="0.022" classname="cucumber.api.testng.AbstractTestNGCucumberTests">
    <failure type="java.lang.NoClassDefFoundError" message="org/picocontainer/PicoBuilder">
      <![CDATA[java.lang.NoClassDefFoundError: org/picocontainer/PicoBuilderat cucumber.runtime.java.picocontainer.PicoFactory.start(PicoFactory.java:17)at cucumber.runtime.java.JavaBackend.buildWorld(JavaBackend.java:123)at cucumber.runtime.Runtime.buildBackendWorlds(Runtime.java:141)at cucumber.runtime.model.CucumberScenario.run(CucumberScenario.java:38)at cucumber.runtime.model.CucumberFeature.run(CucumberFeature.java:165)at cucumber.api.testng.TestNGCucumberRunner.runCucumber(TestNGCucumberRunner.java:63)at cucumber.api.testng.AbstractTestNGCucumberTests.feature(AbstractTestNGCucumberTests.java:21)Caused by: java.lang.ClassNotFoundException: org.picocontainer.PicoBuilderat java.net.URLClassLoader.findClass(URLClassLoader.java:381)at java.lang.ClassLoader.loadClass(ClassLoader.java:424)at sun.misc.Launcher$AppClassLoader.loadClass(Launcher.java:331)at java.lang.ClassLoader.loadClass(ClassLoader.java:357)... 31 more... Removed 24 stack frames]]>
    </failure>
  </testcase> <!-- feature -->
</testsuite> <!-- Test1 -->
