<?xml version="1.0" encoding="UTF-8"?>
<testng-results skipped="0" failed="1" ignored="0" total="1" passed="0">
  <reporter-output>
  </reporter-output>
  <suite name="Suite" duration-ms="1287" started-at="2018-01-05T12:04:02Z" finished-at="2018-01-05T12:04:03Z">
    <groups>
      <group name="cucumber">
        <method signature="AbstractTestNGCucumberTests.feature(cucumber.api.testng.CucumberFeatureWrapper)[pri:0, instance:cucumber.CucumberRunner1@239963d8]" name="feature" class="cucumber.api.testng.AbstractTestNGCucumberTests"/>
      </group> <!-- cucumber -->
    </groups>
    <test name="Test1" duration-ms="1287" started-at="2018-01-05T12:04:02Z" finished-at="2018-01-05T12:04:03Z">
      <class name="cucumber.CucumberRunner1">
        <test-method status="PASS" signature="setUpClass()[pri:0, instance:cucumber.CucumberRunner1@239963d8]" name="setUpClass" is-config="true" duration-ms="590" started-at="2018-01-05T17:34:02Z" finished-at="2018-01-05T17:34:02Z">
          <reporter-output>
          </reporter-output>
        </test-method> <!-- setUpClass -->
        <test-method status="FAIL" signature="feature(cucumber.api.testng.CucumberFeatureWrapper)[pri:0, instance:cucumber.CucumberRunner1@239963d8]" name="feature" duration-ms="45" started-at="2018-01-05T17:34:02Z" description="Runs Cucumber Feature" data-provider="features" finished-at="2018-01-05T17:34:03Z">
          <params>
            <param index="0">
              <value>
                <![CDATA[Test Facebook Smoke Scenario]]>
              </value>
            </param>
          </params>
          <exception class="java.lang.NoClassDefFoundError">
            <message>
              <![CDATA[org/picocontainer/PicoBuilder]]>
            </message>
            <full-stacktrace>
              <![CDATA[java.lang.NoClassDefFoundError: org/picocontainer/PicoBuilderat cucumber.runtime.java.picocontainer.PicoFactory.start(PicoFactory.java:17)at cucumber.runtime.java.JavaBackend.buildWorld(JavaBackend.java:123)at cucumber.runtime.Runtime.buildBackendWorlds(Runtime.java:141)at cucumber.runtime.model.CucumberScenario.run(CucumberScenario.java:38)at cucumber.runtime.model.CucumberFeature.run(CucumberFeature.java:165)at cucumber.api.testng.TestNGCucumberRunner.runCucumber(TestNGCucumberRunner.java:63)at cucumber.api.testng.AbstractTestNGCucumberTests.feature(AbstractTestNGCucumberTests.java:21)at sun.reflect.NativeMethodAccessorImpl.invoke0(Native Method)at sun.reflect.NativeMethodAccessorImpl.invoke(NativeMethodAccessorImpl.java:62)at sun.reflect.DelegatingMethodAccessorImpl.invoke(DelegatingMethodAccessorImpl.java:43)at java.lang.reflect.Method.invoke(Method.java:498)at org.testng.internal.MethodInvocationHelper.invokeMethod(MethodInvocationHelper.java:124)at org.testng.internal.Invoker.invokeMethod(Invoker.java:571)at org.testng.internal.Invoker.invokeTestMethod(Invoker.java:707)at org.testng.internal.Invoker.invokeTestMethods(Invoker.java:979)at org.testng.internal.TestMethodWorker.invokeTestMethods(TestMethodWorker.java:125)at org.testng.internal.TestMethodWorker.run(TestMethodWorker.java:109)at org.testng.TestRunner.privateRun(TestRunner.java:648)at org.testng.TestRunner.run(TestRunner.java:505)at org.testng.SuiteRunner.runTest(SuiteRunner.java:455)at org.testng.SuiteRunner.runSequentially(SuiteRunner.java:450)at org.testng.SuiteRunner.privateRun(SuiteRunner.java:415)at org.testng.SuiteRunner.run(SuiteRunner.java:364)at org.testng.SuiteRunnerWorker.runSuite(SuiteRunnerWorker.java:52)at org.testng.SuiteRunnerWorker.run(SuiteRunnerWorker.java:84)at org.testng.TestNG.runSuitesSequentially(TestNG.java:1187)at org.testng.TestNG.runSuitesLocally(TestNG.java:1116)at org.testng.TestNG.runSuites(TestNG.java:1028)at org.testng.TestNG.run(TestNG.java:996)at org.testng.TestNG.privateMain(TestNG.java:1330)at org.testng.TestNG.main(TestNG.java:1299)Caused by: java.lang.ClassNotFoundException: org.picocontainer.PicoBuilderat java.net.URLClassLoader.findClass(URLClassLoader.java:381)at java.lang.ClassLoader.loadClass(ClassLoader.java:424)at sun.misc.Launcher$AppClassLoader.loadClass(Launcher.java:331)at java.lang.ClassLoader.loadClass(ClassLoader.java:357)... 31 more]]>
            </full-stacktrace>
          </exception> <!-- java.lang.NoClassDefFoundError -->
          <reporter-output>
          </reporter-output>
        </test-method> <!-- feature -->
        <test-method status="PASS" signature="tearDownClass()[pri:0, instance:cucumber.CucumberRunner1@239963d8]" name="tearDownClass" is-config="true" duration-ms="288" started-at="2018-01-05T17:34:03Z" finished-at="2018-01-05T17:34:03Z">
          <reporter-output>
          </reporter-output>
        </test-method> <!-- tearDownClass -->
      </class> <!-- cucumber.CucumberRunner1 -->
    </test> <!-- Test1 -->
  </suite> <!-- Suite -->
</testng-results>
